<?xml version="1.0" encoding="UTF-8"?>
<testsuite xmlns:xsi="http://www.w3.org/2001/XMLSchema-instance" xsi:noNamespaceSchemaLocation="https://maven.apache.org/surefire/maven-surefire-plugin/xsd/surefire-test-report-3.0.xsd" version="3.0" name="testRunner.Testngrunner" time="52.0" tests="5" errors="0" skipped="0" failures="0">
  <properties>
[...]
</properties>
  <testcase name="runScenario[&quot;Succesfull login with Data Driven Excel&quot;, &quot;Login Data Driven With Excel&quot;](1)" classname="testRunner.Testngrunner" time="19.582">
    <system-out><![CDATA[
Scenario Outline: Succesfull login with Data Driven Excel                                              # ./Features/LoginDDTExcel.feature:9
  ✔ Given the user navigates to the Login page                                                         # stepsDefination.Loginsteps.the_user_navigates_to_the_login_page()
teargetpage is :false
  ✔ Then user should be redirected to my account page by passing email and password with excel row "1" # stepsDefination.Loginsteps.user_should_be_redirected_to_my_account_page_by_passing_email_and_password_with_excel_row(java.lang.String)
]]></system-out>
    <system-err><![CDATA[SLF4J(W): No SLF4J providers were found.
SLF4J(W): Defaulting to no-operation (NOP) logger implementation
SLF4J(W): See https://www.slf4j.org/codes.html#noProviders for further details.
Jun 13, 2026 2:21:38 PM org.openqa.selenium.devtools.CdpVersionFinder findNearestMatch
WARNING: Unable to find CDP implementation matching 148
Jun 13, 2026 2:21:38 PM org.openqa.selenium.chromium.ChromiumDriver lambda$new$4
WARNING: Unable to find version of CDP to use for 148.0.7778.217. You may need to include a dependency on a specific version of the CDP using something similar to `org.seleniumhq.selenium:selenium-devtools-v86:4.33.0` where the version ("v86") matches the version of the chromium-based browser you're using and the version number of the artifact is the same as Selenium's.
]]></system-err>
  </testcase>
  <testcase name="runScenario[&quot;Succesfull login with Data Driven Excel&quot;, &quot;Login Data Driven With Excel&quot;](2)" classname="testRunner.Testngrunner" time="7.85">
    <system-out><![CDATA[
Scenario Outline: Succesfull login with Data Driven Excel                                              # ./Features/LoginDDTExcel.feature:10
  ✔ Given the user navigates to the Login page                                                         # stepsDefination.Loginsteps.the_user_navigates_to_the_login_page()
teargetpage is :true
  ✔ Then user should be redirected to my account page by passing email and password with excel row "2" # stepsDefination.Loginsteps.user_should_be_redirected_to_my_account_page_by_passing_email_and_password_with_excel_row(java.lang.String)
]]></system-out>
    <system-err><![CDATA[Jun 13, 2026 2:21:54 PM org.openqa.selenium.devtools.CdpVersionFinder findNearestMatch
WARNING: Unable to find CDP implementation matching 148
Jun 13, 2026 2:21:54 PM org.openqa.selenium.chromium.ChromiumDriver lambda$new$4
WARNING: Unable to find version of CDP to use for 148.0.7778.217. You may need to include a dependency on a specific version of the CDP using something similar to `org.seleniumhq.selenium:selenium-devtools-v86:4.33.0` where the version ("v86") matches the version of the chromium-based browser you're using and the version number of the artifact is the same as Selenium's.
]]></system-err>
  </testcase>
  <testcase name="runScenario[&quot;Succesfull login with Data Driven Excel&quot;, &quot;Login Data Driven With Excel&quot;](3)" classname="testRunner.Testngrunner" time="4.565">
    <system-out><![CDATA[
Scenario Outline: Succesfull login with Data Driven Excel                                              # ./Features/LoginDDTExcel.feature:11
  ✔ Given the user navigates to the Login page                                                         # stepsDefination.Loginsteps.the_user_navigates_to_the_login_page()
teargetpage is :true
  ✔ Then user should be redirected to my account page by passing email and password with excel row "3" # stepsDefination.Loginsteps.user_should_be_redirected_to_my_account_page_by_passing_email_and_password_with_excel_row(java.lang.String)
]]></system-out>
    <system-err><![CDATA[Jun 13, 2026 2:22:02 PM org.openqa.selenium.devtools.CdpVersionFinder findNearestMatch
WARNING: Unable to find CDP implementation matching 148
Jun 13, 2026 2:22:02 PM org.openqa.selenium.chromium.ChromiumDriver lambda$new$4
WARNING: Unable to find version of CDP to use for 148.0.7778.217. You may need to include a dependency on a specific version of the CDP using something similar to `org.seleniumhq.selenium:selenium-devtools-v86:4.33.0` where the version ("v86") matches the version of the chromium-based browser you're using and the version number of the artifact is the same as Selenium's.
]]></system-err>
  </testcase>
  <testcase name="runScenario[&quot;Succesfull login with Data Driven Excel&quot;, &quot;Login Data Driven With Excel&quot;](4)" classname="testRunner.Testngrunner" time="14.256">
    <system-out><![CDATA[
Scenario Outline: Succesfull login with Data Driven Excel                                              # ./Features/LoginDDTExcel.feature:12
  ✔ Given the user navigates to the Login page                                                         # stepsDefination.Loginsteps.the_user_navigates_to_the_login_page()
teargetpage is :false
  ✔ Then user should be redirected to my account page by passing email and password with excel row "4" # stepsDefination.Loginsteps.user_should_be_redirected_to_my_account_page_by_passing_email_and_password_with_excel_row(java.lang.String)
]]></system-out>
    <system-err><![CDATA[Jun 13, 2026 2:22:07 PM org.openqa.selenium.devtools.CdpVersionFinder findNearestMatch
WARNING: Unable to find CDP implementation matching 148
Jun 13, 2026 2:22:07 PM org.openqa.selenium.chromium.ChromiumDriver lambda$new$4
WARNING: Unable to find version of CDP to use for 148.0.7778.217. You may need to include a dependency on a specific version of the CDP using something similar to `org.seleniumhq.selenium:selenium-devtools-v86:4.33.0` where the version ("v86") matches the version of the chromium-based browser you're using and the version number of the artifact is the same as Selenium's.
]]></system-err>
  </testcase>
  <testcase name="runScenario[&quot;Succesfull login with Data Driven Excel&quot;, &quot;Login Data Driven With Excel&quot;](5)" classname="testRunner.Testngrunner" time="4.425">
    <system-out><![CDATA[
Scenario Outline: Succesfull login with Data Driven Excel                                              # ./Features/LoginDDTExcel.feature:13
  ✔ Given the user navigates to the Login page                                                         # stepsDefination.Loginsteps.the_user_navigates_to_the_login_page()
teargetpage is :true
  ✔ Then user should be redirected to my account page by passing email and password with excel row "5" # stepsDefination.Loginsteps.user_should_be_redirected_to_my_account_page_by_passing_email_and_password_with_excel_row(java.lang.String)
]]></system-out>
    <system-err><![CDATA[Jun 13, 2026 2:22:21 PM org.openqa.selenium.devtools.CdpVersionFinder findNearestMatch
WARNING: Unable to find CDP implementation matching 148
Jun 13, 2026 2:22:21 PM org.openqa.selenium.chromium.ChromiumDriver lambda$new$4
WARNING: Unable to find version of CDP to use for 148.0.7778.217. You may need to include a dependency on a specific version of the CDP using something similar to `org.seleniumhq.selenium:selenium-devtools-v86:4.33.0` where the version ("v86") matches the version of the chromium-based browser you're using and the version number of the artifact is the same as Selenium's.
]]></system-err>
  </testcase>
</testsuite>