<?xml version="1.0" encoding="UTF-8"?>
<testng-results ignored="0" total="5" passed="5" failed="0" skipped="0">
  <reporter-output>
  </reporter-output>
  <suite started-at="2026-06-13T14:21:33 IST" name="Surefire suite" finished-at="2026-06-13T14:22:25 IST" duration-ms="51630">
    <groups>
      <group name="cucumber">
        <method signature="AbstractTestNGCucumberTests.runScenario(io.cucumber.testng.PickleWrapper,io.cucumber.testng.FeatureWrapper)[pri:0, instance:testRunner.Testngrunner@f5ac9e4]" name="runScenario" class="io.cucumber.testng.AbstractTestNGCucumberTests"/>
      </group> <!-- cucumber -->
    </groups>
    <test started-at="2026-06-13T14:21:33 IST" name="Surefire test" finished-at="2026-06-13T14:22:25 IST" duration-ms="51630">
      <class name="testRunner.Testngrunner">
        <test-method is-config="true" signature="setUpClass(org.testng.ITestContext)[pri:0, instance:testRunner.Testngrunner@f5ac9e4]" started-at="2026-06-13T14:21:33 IST" name="setUpClass" finished-at="2026-06-13T14:21:34 IST" duration-ms="676" status="PASS">
          <params>
            <param index="0">
              <value>
                <![CDATA[org.testng.TestRunner@8f6b4ab]]>
              </value>
            </param>
          </params>
          <reporter-output>
          </reporter-output>
        </test-method> <!-- setUpClass -->
        <test-method signature="runScenario(io.cucumber.testng.PickleWrapper,io.cucumber.testng.FeatureWrapper)[pri:0, instance:testRunner.Testngrunner@f5ac9e4]" started-at="2026-06-13T14:21:34 IST" name="runScenario" description="Runs Cucumber Scenarios" data-provider="scenarios" finished-at="2026-06-13T14:21:53 IST" duration-ms="19582" status="PASS">
          <params>
            <param index="0">
              <value>
                <![CDATA["Succesfull login with Data Driven Excel"]]>
              </value>
            </param>
            <param index="1">
              <value>
                <![CDATA["Login Data Driven With Excel"]]>
              </value>
            </param>
          </params>
          <reporter-output>
          </reporter-output>
        </test-method> <!-- runScenario -->
        <test-method signature="runScenario(io.cucumber.testng.PickleWrapper,io.cucumber.testng.FeatureWrapper)[pri:0, instance:testRunner.Testngrunner@f5ac9e4]" started-at="2026-06-13T14:21:53 IST" name="runScenario" description="Runs Cucumber Scenarios" data-provider="scenarios" finished-at="2026-06-13T14:22:01 IST" duration-ms="7857" status="PASS">
          <params>
            <param index="0">
              <value>
                <![CDATA["Succesfull login with Data Driven Excel"]]>
              </value>
            </param>
            <param index="1">
              <value>
                <![CDATA["Login Data Driven With Excel"]]>
              </value>
            </param>
          </params>
          <reporter-output>
          </reporter-output>
        </test-method> <!-- runScenario -->
        <test-method signature="runScenario(io.cucumber.testng.PickleWrapper,io.cucumber.testng.FeatureWrapper)[pri:0, instance:testRunner.Testngrunner@f5ac9e4]" started-at="2026-06-13T14:22:01 IST" name="runScenario" description="Runs Cucumber Scenarios" data-provider="scenarios" finished-at="2026-06-13T14:22:06 IST" duration-ms="4565" status="PASS">
          <params>
            <param index="0">
              <value>
                <![CDATA["Succesfull login with Data Driven Excel"]]>
              </value>
            </param>
            <param index="1">
              <value>
                <![CDATA["Login Data Driven With Excel"]]>
              </value>
            </param>
          </params>
          <reporter-output>
          </reporter-output>
        </test-method> <!-- runScenario -->
        <test-method signature="runScenario(io.cucumber.testng.PickleWrapper,io.cucumber.testng.FeatureWrapper)[pri:0, instance:testRunner.Testngrunner@f5ac9e4]" started-at="2026-06-13T14:22:06 IST" name="runScenario" description="Runs Cucumber Scenarios" data-provider="scenarios" finished-at="2026-06-13T14:22:20 IST" duration-ms="14256" status="PASS">
          <params>
            <param index="0">
              <value>
                <![CDATA["Succesfull login with Data Driven Excel"]]>
              </value>
            </param>
            <param index="1">
              <value>
                <![CDATA["Login Data Driven With Excel"]]>
              </value>
            </param>
          </params>
          <reporter-output>
          </reporter-output>
        </test-method> <!-- runScenario -->
        <test-method signature="runScenario(io.cucumber.testng.PickleWrapper,io.cucumber.testng.FeatureWrapper)[pri:0, instance:testRunner.Testngrunner@f5ac9e4]" started-at="2026-06-13T14:22:20 IST" name="runScenario" description="Runs Cucumber Scenarios" data-provider="scenarios" finished-at="2026-06-13T14:22:25 IST" duration-ms="4425" status="PASS">
          <params>
            <param index="0">
              <value>
                <![CDATA["Succesfull login with Data Driven Excel"]]>
              </value>
            </param>
            <param index="1">
              <value>
                <![CDATA["Login Data Driven With Excel"]]>
              </value>
            </param>
          </params>
          <reporter-output>
          </reporter-output>
        </test-method> <!-- runScenario -->
        <test-method is-config="true" signature="tearDownClass()[pri:0, instance:testRunner.Testngrunner@f5ac9e4]" started-at="2026-06-13T14:22:25 IST" name="tearDownClass" finished-at="2026-06-13T14:22:25 IST" duration-ms="249" status="PASS">
          <reporter-output>
          </reporter-output>
        </test-method> <!-- tearDownClass -->
      </class> <!-- testRunner.Testngrunner -->
    </test> <!-- Surefire test -->
  </suite> <!-- Surefire suite -->
</testng-results>
