<?xml version="1.0" encoding="UTF-8"?>
<testng-results ignored="0" total="5" passed="5" failed="0" skipped="0">
  <reporter-output>
  </reporter-output>
  <suite started-at="2026-06-13T13:57:42 IST" name="Default suite" finished-at="2026-06-13T13:58:34 IST" duration-ms="51555">
    <groups>
      <group name="cucumber">
        <method signature="AbstractTestNGCucumberTests.runScenario(io.cucumber.testng.PickleWrapper,io.cucumber.testng.FeatureWrapper)[pri:0, instance:testRunner.Testngrunner@4961f6af]" name="runScenario" class="io.cucumber.testng.AbstractTestNGCucumberTests"/>
      </group> <!-- cucumber -->
    </groups>
    <test started-at="2026-06-13T13:57:42 IST" name="Default test" finished-at="2026-06-13T13:58:34 IST" duration-ms="51555">
      <class name="testRunner.Testngrunner">
        <test-method is-config="true" signature="setUpClass(org.testng.ITestContext)[pri:0, instance:testRunner.Testngrunner@4961f6af]" started-at="2026-06-13T13:57:42 IST" name="setUpClass" finished-at="2026-06-13T13:57:43 IST" duration-ms="682" status="PASS">
          <params>
            <param index="0">
              <value>
                <![CDATA[org.testng.TestRunner@31f7eb8]]>
              </value>
            </param>
          </params>
          <reporter-output>
          </reporter-output>
        </test-method> <!-- setUpClass -->
        <test-method signature="runScenario(io.cucumber.testng.PickleWrapper,io.cucumber.testng.FeatureWrapper)[pri:0, instance:testRunner.Testngrunner@4961f6af]" started-at="2026-06-13T13:57:43 IST" name="runScenario" description="Runs Cucumber Scenarios" data-provider="scenarios" finished-at="2026-06-13T13:58:04 IST" duration-ms="21264" status="PASS">
          <params>
            <param index="0">
              <value>
                <![CDATA["Succesfull login with Data Driven Excel"]]>
              </value>
            </param>
            <param index="1">
              <value>
                <![CDATA["Login Data Driven With Excel"]]>
              </value>
            </param>
          </params>
          <reporter-output>
          </reporter-output>
        </test-method> <!-- runScenario -->
        <test-method signature="runScenario(io.cucumber.testng.PickleWrapper,io.cucumber.testng.FeatureWrapper)[pri:0, instance:testRunner.Testngrunner@4961f6af]" started-at="2026-06-13T13:58:04 IST" name="runScenario" description="Runs Cucumber Scenarios" data-provider="scenarios" finished-at="2026-06-13T13:58:09 IST" duration-ms="5222" status="PASS">
          <params>
            <param index="0">
              <value>
                <![CDATA["Succesfull login with Data Driven Excel"]]>
              </value>
            </param>
            <param index="1">
              <value>
                <![CDATA["Login Data Driven With Excel"]]>
              </value>
            </param>
          </params>
          <reporter-output>
          </reporter-output>
        </test-method> <!-- runScenario -->
        <test-method signature="runScenario(io.cucumber.testng.PickleWrapper,io.cucumber.testng.FeatureWrapper)[pri:0, instance:testRunner.Testngrunner@4961f6af]" started-at="2026-06-13T13:58:09 IST" name="runScenario" description="Runs Cucumber Scenarios" data-provider="scenarios" finished-at="2026-06-13T13:58:16 IST" duration-ms="6663" status="PASS">
          <params>
            <param index="0">
              <value>
                <![CDATA["Succesfull login with Data Driven Excel"]]>
              </value>
            </param>
            <param index="1">
              <value>
                <![CDATA["Login Data Driven With Excel"]]>
              </value>
            </param>
          </params>
          <reporter-output>
          </reporter-output>
        </test-method> <!-- runScenario -->
        <test-method signature="runScenario(io.cucumber.testng.PickleWrapper,io.cucumber.testng.FeatureWrapper)[pri:0, instance:testRunner.Testngrunner@4961f6af]" started-at="2026-06-13T13:58:16 IST" name="runScenario" description="Runs Cucumber Scenarios" data-provider="scenarios" finished-at="2026-06-13T13:58:29 IST" duration-ms="13100" status="PASS">
          <params>
            <param index="0">
              <value>
                <![CDATA["Succesfull login with Data Driven Excel"]]>
              </value>
            </param>
            <param index="1">
              <value>
                <![CDATA["Login Data Driven With Excel"]]>
              </value>
            </param>
          </params>
          <reporter-output>
          </reporter-output>
        </test-method> <!-- runScenario -->
        <test-method signature="runScenario(io.cucumber.testng.PickleWrapper,io.cucumber.testng.FeatureWrapper)[pri:0, instance:testRunner.Testngrunner@4961f6af]" started-at="2026-06-13T13:58:29 IST" name="runScenario" description="Runs Cucumber Scenarios" data-provider="scenarios" finished-at="2026-06-13T13:58:33 IST" duration-ms="4318" status="PASS">
          <params>
            <param index="0">
              <value>
                <![CDATA["Succesfull login with Data Driven Excel"]]>
              </value>
            </param>
            <param index="1">
              <value>
                <![CDATA["Login Data Driven With Excel"]]>
              </value>
            </param>
          </params>
          <reporter-output>
          </reporter-output>
        </test-method> <!-- runScenario -->
        <test-method is-config="true" signature="tearDownClass()[pri:0, instance:testRunner.Testngrunner@4961f6af]" started-at="2026-06-13T13:58:33 IST" name="tearDownClass" finished-at="2026-06-13T13:58:34 IST" duration-ms="261" status="PASS">
          <reporter-output>
          </reporter-output>
        </test-method> <!-- tearDownClass -->
      </class> <!-- testRunner.Testngrunner -->
    </test> <!-- Default test -->
  </suite> <!-- Default suite -->
</testng-results>
