<?xml version="1.0" encoding="UTF-8"?>
<!-- Generated by org.testng.reporters.JUnitReportReporter -->
<testsuite hostname="DESKTOP-HNV82K4" failures="0" tests="5" name="testRunner.Testngrunner" time="50.567" errors="0" timestamp="2026-06-13T13:58:34 IST" skipped="0">
  <testcase classname="testRunner.Testngrunner" name="runScenario" time="5.222"/>
  <testcase classname="testRunner.Testngrunner" name="runScenario" time="4.318"/>
  <testcase classname="testRunner.Testngrunner" name="runScenario" time="6.663"/>
  <testcase classname="testRunner.Testngrunner" name="runScenario" time="13.100"/>
  <testcase classname="testRunner.Testngrunner" name="runScenario" time="21.264"/>
</testsuite> <!-- testRunner.Testngrunner -->
