<?xml version="1.0" encoding="UTF-8"?>
<!-- Generated by org.testng.reporters.JUnitReportReporter -->
<testsuite hostname="DESKTOP-HNV82K4" failures="0" tests="5" name="testRunner.Testngrunner" time="50.685" errors="0" timestamp="2026-06-13T14:22:25 IST" skipped="0">
  <testcase classname="testRunner.Testngrunner" name="runScenario" time="14.256"/>
  <testcase classname="testRunner.Testngrunner" name="runScenario" time="4.425"/>
  <testcase classname="testRunner.Testngrunner" name="runScenario" time="19.582"/>
  <testcase classname="testRunner.Testngrunner" name="runScenario" time="7.857"/>
  <testcase classname="testRunner.Testngrunner" name="runScenario" time="4.565"/>
</testsuite> <!-- testRunner.Testngrunner -->
